<?xml version="1.0" encoding="UTF-8"?>
<!-- Generated by org.testng.reporters.JUnitXMLReporter -->
<testsuite ignored="1" hostname="MachineLearner" failures="0" tests="2" name="Attribute Practice" time="0.034" errors="0" timestamp="2025-01-14T15:09:22 IST">
  <testcase classname="testNG.MoreAnnotations" name="test1" time="0.005"/>
  <testcase classname="testNG.MoreAnnotations" name="test3" time="0.001"/>
  <testcase classname="testNG.MoreAnnotations" name="test2" time="0.0">
    <ignored/>
  </testcase> <!-- test2 -->
</testsuite> <!-- Attribute Practice -->
