<?xml version="1.0" encoding="UTF-8"?>
<!-- Generated by org.testng.reporters.JUnitXMLReporter -->
<testsuite ignored="0" hostname="MachineLearner" failures="0" tests="5" name="Basic" time="0.076" errors="0" timestamp="2025-01-20T19:17:22 IST">
  <testcase classname="testNG.testNGbasics" name="hello2" time="0.006"/>
  <testcase classname="testNG.testNGbasics" name="myTest" time="0.002"/>
  <testcase classname="testNG.Demo" name="demo2" time="0.003"/>
  <testcase classname="testNG.Demo" name="demo3" time="0.002"/>
  <testcase classname="testNG.Demo" name="hello2" time="0.002"/>
</testsuite> <!-- Basic -->
