<?xml version="1.0" encoding="UTF-8"?>
<!-- Generated by org.testng.reporters.JUnitXMLReporter -->
<testsuite ignored="0" hostname="MachineLearner" failures="0" tests="9" name="end to end" time="0.099" errors="0" timestamp="2025-01-12T13:15:36 IST">
  <testcase classname="testNG.testNGbasics" name="hello2" time="0.013"/>
  <testcase classname="testNG.testNGbasics" name="myTest" time="0.003"/>
  <testcase classname="testNG.Demo2" name="apiLogin" time="0.002"/>
  <testcase classname="testNG.Demo2" name="mobileLogin" time="0.004"/>
  <testcase classname="testNG.Demo2" name="mobile_sso_Login" time="0.002"/>
  <testcase classname="testNG.Demo2" name="webLogin" time="0.002"/>
  <testcase classname="testNG.Demo" name="demo2" time="0.003"/>
  <testcase classname="testNG.Demo" name="demo3" time="0.001"/>
  <testcase classname="testNG.Demo" name="hello2" time="0.001"/>
</testsuite> <!-- end to end -->
