<?xml version="1.0" encoding="UTF-8"?>
<!-- Generated by org.testng.reporters.JUnitXMLReporter -->
<testsuite ignored="4" hostname="MachineLearner" failures="0" tests="6" name="Grouping Practice" time="0.044" errors="0" timestamp="2025-01-12T15:11:06 IST">
  <testcase classname="testNG.Groups" name="test1" time="0.006"/>
  <testcase classname="testNG.Groups" name="test2" time="0.001"/>
  <testcase classname="testNG.Groups" name="test3" time="0.0"/>
  <testcase classname="testNG.Groups" name="test4" time="0.001"/>
  <testcase classname="testNG.Groups" name="test5" time="0.001"/>
  <testcase classname="testNG.Groups" name="test6" time="0.001"/>
  <testcase classname="testNG.Demo2" name="mobileLogin" time="0.0">
    <ignored/>
  </testcase> <!-- mobileLogin -->
  <testcase classname="testNG.Demo2" name="apiLogin" time="0.0">
    <ignored/>
  </testcase> <!-- apiLogin -->
  <testcase classname="testNG.Demo2" name="mobile_sso_Login" time="0.0">
    <ignored/>
  </testcase> <!-- mobile_sso_Login -->
  <testcase classname="testNG.Demo2" name="webLogin" time="0.0">
    <ignored/>
  </testcase> <!-- webLogin -->
</testsuite> <!-- Grouping Practice -->
