<?xml version="1.0" encoding="UTF-8"?>
<!-- Generated by org.testng.reporters.JUnitXMLReporter -->
<testsuite ignored="0" hostname="MachineLearner" failures="1" tests="11" name="Listening Practice" time="0.255" errors="0" timestamp="2025-08-17T10:13:27 IST">
  <testcase classname="testNG.Demo" name="demo2" time="0.011"/>
  <testcase classname="testNG.Demo" name="demo3" time="0.003"/>
  <testcase classname="testNG.Demo" name="hello2" time="0.004"/>
  <testcase classname="testNG.Demo2" name="apiLogin" time="0.002"/>
  <testcase classname="testNG.Demo2" name="mobileLogin" time="0.002"/>
  <testcase classname="testNG.Demo2" name="mobile_sso_Login" time="0.003"/>
  <testcase classname="testNG.Demo2" name="webLogin" time="0.003"/>
  <testcase classname="testNG.Demo3" name="apiLogin" time="0.029">
    <failure type="java.lang.AssertionError" message="expected [true] but found [false]">
      <![CDATA[java.lang.AssertionError: expected [true] but found [false]
at testNG.Demo3.apiLogin(Demo3.java:23)
at java.base/java.util.ArrayList.forEach(ArrayList.java:1541)
... Removed 31 stack frames]]>
    </failure>
  </testcase> <!-- apiLogin -->
  <testcase classname="testNG.Demo3" name="mobileLogin" time="0.002"/>
  <testcase classname="testNG.Demo3" name="mobile_sso_Login" time="0.003"/>
  <testcase classname="testNG.Demo3" name="webLogin" time="0.004"/>
</testsuite> <!-- Listening Practice -->
