<?xml version="1.0" encoding="UTF-8"?>
<!-- Generated by org.testng.reporters.JUnitXMLReporter -->
<testsuite ignored="0" hostname="MachineLearner" failures="0" tests="4" name="login" time="0.028" errors="0" timestamp="2025-01-20T19:17:22 IST">
  <testcase classname="testNG.Demo2" name="apiLogin" time="0.002"/>
  <testcase classname="testNG.Demo2" name="mobileLogin" time="0.002"/>
  <testcase classname="testNG.Demo2" name="mobile_sso_Login" time="0.001"/>
  <testcase classname="testNG.Demo2" name="webLogin" time="0.002"/>
</testsuite> <!-- login -->
