<?xml version="1.0" encoding="UTF-8"?>
<!-- Generated by org.testng.reporters.JUnitXMLReporter -->
<testsuite ignored="0" hostname="MachineLearner" failures="0" tests="4" name="Parametering Practice" time="0.126" errors="0" timestamp="2025-07-27T11:51:15 IST">
  <testcase classname="testNG.Parameterization" name="search1" time="0.01"/>
  <testcase classname="testNG.Parameterization" name="search1" time="0.002"/>
  <testcase classname="testNG.Parameterization" name="search1" time="0.002"/>
  <testcase classname="testNG.Parameterization" name="search2" time="0.003"/>
</testsuite> <!-- Parametering Practice -->
