<?xml version="1.0" encoding="UTF-8"?>
<!-- Generated by org.testng.reporters.JUnitXMLReporter -->
<testsuite ignored="5" hostname="MachineLearner" failures="0" tests="1" name="Test48" time="0.117" errors="0" timestamp="2025-07-27T11:31:06 IST">
  <testcase classname="testNG.DemoS48" name="test5" time="0.014"/>
  <testcase classname="testNG.DemoS48" name="test3" time="0.0">
    <ignored/>
  </testcase> <!-- test3 -->
  <testcase classname="testNG.DemoS48" name="test2" time="0.0">
    <ignored/>
  </testcase> <!-- test2 -->
  <testcase classname="testNG.DemoS48" name="test1" time="0.0">
    <ignored/>
  </testcase> <!-- test1 -->
  <testcase classname="testNG.DemoS48" name="test4" time="0.0">
    <ignored/>
  </testcase> <!-- test4 -->
  <testcase classname="testNG.DemoS48" name="test6" time="0.0">
    <ignored/>
  </testcase> <!-- test6 -->
</testsuite> <!-- Test48 -->
