<?xml version="1.0" encoding="UTF-8"?>
<!-- Generated by org.testng.reporters.JUnitXMLReporter -->
<testsuite ignored="0" hostname="MachineLearner" failures="0" tests="4" name="Test" time="0.096" errors="0" timestamp="2025-01-12T09:37:26 IST">
  <testcase classname="testNG.testNGbasics" name="hello2" time="0.013"/>
  <testcase classname="testNG.testNGbasics" name="myTest" time="0.003"/>
  <testcase classname="testNG.Demo" name="demo2" time="0.003"/>
  <testcase classname="testNG.Demo" name="hello2" time="0.002"/>
</testsuite> <!-- Test -->
