<?xml version="1.0" encoding="UTF-8"?>
<!-- Generated by org.testng.reporters.JUnitXMLReporter -->
<testsuite ignored="2" hostname="MachineLearner" failures="0" tests="3" name="Test41.1" time="0.013" errors="0" timestamp="2025-07-27T11:02:10 IST">
  <testcase classname="testNG.DemoS38" name="S38" time="0.001"/>
  <testcase classname="testNG.DemoS41" name="S41_APILogin" time="0.001"/>
  <testcase classname="testNG.DemoS41" name="S41_WebLogin" time="0.001"/>
  <testcase classname="testNG.DemoS41" name="S41_MobLogin" time="0.0">
    <ignored/>
  </testcase> <!-- S41_MobLogin -->
  <testcase classname="testNG.DemoS38" name="S38_1" time="0.0">
    <ignored/>
  </testcase> <!-- S38_1 -->
</testsuite> <!-- Test41.1 -->
