<?xml version="1.0" encoding="UTF-8"?>
<!-- Generated by org.testng.reporters.JUnitXMLReporter -->
<testsuite ignored="0" hostname="MachineLearner" failures="0" tests="6" name="Test40" time="0.117" errors="0" timestamp="2025-07-27T11:02:10 IST">
  <testcase classname="testNG.DemoS39" name="S39" time="0.014"/>
  <testcase classname="testNG.DemoS38" name="S38" time="0.002"/>
  <testcase classname="testNG.DemoS38" name="S38_1" time="0.002"/>
  <testcase classname="testNG.DemoS41" name="S41_APILogin" time="0.003"/>
  <testcase classname="testNG.DemoS41" name="S41_MobLogin" time="0.002"/>
  <testcase classname="testNG.DemoS41" name="S41_WebLogin" time="0.002"/>
</testsuite> <!-- Test40 -->
