<?xml version="1.0" encoding="UTF-8"?>
<testng-results ignored="0" total="11" passed="10" failed="1" skipped="0">
  <reporter-output>
  </reporter-output>
  <suite started-at="2025-08-17T10:13:27 IST" name="Suite" finished-at="2025-08-17T10:13:27 IST" duration-ms="255">
    <groups>
      <group name="smoke">
        <method signature="Demo2.mobileLogin()[pri:0, instance:testNG.Demo2@7e6f74c]" name="mobileLogin" class="testNG.Demo2"/>
      </group> <!-- smoke -->
      <group name="sanity">
        <method signature="Demo2.mobileLogin()[pri:0, instance:testNG.Demo2@7e6f74c]" name="mobileLogin" class="testNG.Demo2"/>
        <method signature="Demo2.mobile_sso_Login()[pri:0, instance:testNG.Demo2@7e6f74c]" name="mobile_sso_Login" class="testNG.Demo2"/>
      </group> <!-- sanity -->
    </groups>
    <test started-at="2025-08-17T10:13:27 IST" name="Listening Practice" finished-at="2025-08-17T10:13:27 IST" duration-ms="255">
      <class name="testNG.Demo2">
        <test-method signature="apiLogin()[pri:0, instance:testNG.Demo2@7e6f74c]" started-at="2025-08-17T10:13:27 IST" name="apiLogin" finished-at="2025-08-17T10:13:27 IST" duration-ms="2" status="PASS">
          <reporter-output>
          </reporter-output>
        </test-method> <!-- apiLogin -->
        <test-method signature="mobileLogin()[pri:0, instance:testNG.Demo2@7e6f74c]" started-at="2025-08-17T10:13:27 IST" name="mobileLogin" finished-at="2025-08-17T10:13:27 IST" duration-ms="2" status="PASS">
          <reporter-output>
          </reporter-output>
        </test-method> <!-- mobileLogin -->
        <test-method signature="mobile_sso_Login()[pri:0, instance:testNG.Demo2@7e6f74c]" started-at="2025-08-17T10:13:27 IST" name="mobile_sso_Login" finished-at="2025-08-17T10:13:27 IST" duration-ms="3" status="PASS">
          <reporter-output>
          </reporter-output>
        </test-method> <!-- mobile_sso_Login -->
        <test-method signature="webLogin()[pri:0, instance:testNG.Demo2@7e6f74c]" started-at="2025-08-17T10:13:27 IST" name="webLogin" finished-at="2025-08-17T10:13:27 IST" duration-ms="3" status="PASS">
          <reporter-output>
          </reporter-output>
        </test-method> <!-- webLogin -->
      </class> <!-- testNG.Demo2 -->
      <class name="testNG.Demo3">
        <test-method signature="apiLogin()[pri:0, instance:testNG.Demo3@6a78afa0]" started-at="2025-08-17T10:13:27 IST" name="apiLogin" finished-at="2025-08-17T10:13:27 IST" duration-ms="29" status="FAIL">
          <exception class="java.lang.AssertionError">
            <message>
              <![CDATA[expected [true] but found [false]]]>
            </message>
            <full-stacktrace>
              <![CDATA[java.lang.AssertionError: expected [true] but found [false]
at org.testng.Assert.fail(Assert.java:111)
at org.testng.Assert.failNotEquals(Assert.java:1590)
at org.testng.Assert.assertTrue(Assert.java:57)
at org.testng.Assert.assertTrue(Assert.java:67)
at testNG.Demo3.apiLogin(Demo3.java:23)
at java.base/jdk.internal.reflect.NativeMethodAccessorImpl.invoke0(Native Method)
at java.base/jdk.internal.reflect.NativeMethodAccessorImpl.invoke(NativeMethodAccessorImpl.java:62)
at java.base/jdk.internal.reflect.DelegatingMethodAccessorImpl.invoke(DelegatingMethodAccessorImpl.java:43)
at java.base/java.lang.reflect.Method.invoke(Method.java:566)
at org.testng.internal.invokers.MethodInvocationHelper.invokeMethod(MethodInvocationHelper.java:141)
at org.testng.internal.invokers.TestInvoker.invokeMethod(TestInvoker.java:687)
at org.testng.internal.invokers.TestInvoker.invokeTestMethod(TestInvoker.java:230)
at org.testng.internal.invokers.MethodRunner.runInSequence(MethodRunner.java:63)
at org.testng.internal.invokers.TestInvoker$MethodInvocationAgent.invoke(TestInvoker.java:995)
at org.testng.internal.invokers.TestInvoker.invokeTestMethods(TestInvoker.java:203)
at org.testng.internal.invokers.TestMethodWorker.invokeTestMethods(TestMethodWorker.java:154)
at org.testng.internal.invokers.TestMethodWorker.run(TestMethodWorker.java:134)
at java.base/java.util.ArrayList.forEach(ArrayList.java:1541)
at org.testng.TestRunner.privateRun(TestRunner.java:741)
at org.testng.TestRunner.run(TestRunner.java:616)
at org.testng.SuiteRunner.runTest(SuiteRunner.java:421)
at org.testng.SuiteRunner.runSequentially(SuiteRunner.java:413)
at org.testng.SuiteRunner.privateRun(SuiteRunner.java:373)
at org.testng.SuiteRunner.run(SuiteRunner.java:312)
at org.testng.SuiteRunnerWorker.runSuite(SuiteRunnerWorker.java:52)
at org.testng.SuiteRunnerWorker.run(SuiteRunnerWorker.java:95)
at org.testng.TestNG.runSuitesSequentially(TestNG.java:1274)
at org.testng.TestNG.runSuitesLocally(TestNG.java:1208)
at org.testng.TestNG.runSuites(TestNG.java:1112)
at org.testng.TestNG.run(TestNG.java:1079)
at org.testng.remote.AbstractRemoteTestNG.run(AbstractRemoteTestNG.java:115)
at org.testng.remote.RemoteTestNG.initAndRun(RemoteTestNG.java:293)
at org.testng.remote.RemoteTestNG.main(RemoteTestNG.java:91)
]]>
            </full-stacktrace>
          </exception> <!-- java.lang.AssertionError -->
          <reporter-output>
          </reporter-output>
        </test-method> <!-- apiLogin -->
        <test-method signature="mobileLogin()[pri:0, instance:testNG.Demo3@6a78afa0]" started-at="2025-08-17T10:13:27 IST" name="mobileLogin" finished-at="2025-08-17T10:13:27 IST" duration-ms="2" status="PASS">
          <reporter-output>
          </reporter-output>
        </test-method> <!-- mobileLogin -->
        <test-method signature="mobile_sso_Login()[pri:0, instance:testNG.Demo3@6a78afa0]" started-at="2025-08-17T10:13:27 IST" name="mobile_sso_Login" finished-at="2025-08-17T10:13:27 IST" duration-ms="3" status="PASS">
          <reporter-output>
          </reporter-output>
        </test-method> <!-- mobile_sso_Login -->
        <test-method signature="webLogin()[pri:0, instance:testNG.Demo3@6a78afa0]" started-at="2025-08-17T10:13:27 IST" name="webLogin" finished-at="2025-08-17T10:13:27 IST" duration-ms="4" status="PASS">
          <reporter-output>
          </reporter-output>
        </test-method> <!-- webLogin -->
      </class> <!-- testNG.Demo3 -->
      <class name="testNG.Demo">
        <test-method is-config="true" signature="beforeAlltest()[pri:0, instance:testNG.Demo@3b69e7d1]" started-at="2025-08-17T10:13:27 IST" name="beforeAlltest" finished-at="2025-08-17T10:13:27 IST" duration-ms="38" status="PASS">
          <reporter-output>
          </reporter-output>
        </test-method> <!-- beforeAlltest -->
        <test-method signature="demo2()[pri:-2147483648, instance:testNG.Demo@3b69e7d1]" started-at="2025-08-17T10:13:27 IST" name="demo2" finished-at="2025-08-17T10:13:27 IST" duration-ms="11" status="PASS">
          <reporter-output>
          </reporter-output>
        </test-method> <!-- demo2 -->
        <test-method signature="demo3()[pri:0, instance:testNG.Demo@3b69e7d1]" started-at="2025-08-17T10:13:27 IST" name="demo3" finished-at="2025-08-17T10:13:27 IST" duration-ms="3" status="PASS">
          <reporter-output>
          </reporter-output>
        </test-method> <!-- demo3 -->
        <test-method signature="hello2()[pri:10, instance:testNG.Demo@3b69e7d1]" started-at="2025-08-17T10:13:27 IST" name="hello2" finished-at="2025-08-17T10:13:27 IST" duration-ms="4" status="PASS">
          <reporter-output>
          </reporter-output>
        </test-method> <!-- hello2 -->
        <test-method is-config="true" signature="aftertests()[pri:0, instance:testNG.Demo@3b69e7d1]" started-at="2025-08-17T10:13:27 IST" name="aftertests" finished-at="2025-08-17T10:13:27 IST" duration-ms="1" status="PASS">
          <reporter-output>
          </reporter-output>
        </test-method> <!-- aftertests -->
      </class> <!-- testNG.Demo -->
    </test> <!-- Listening Practice -->
  </suite> <!-- Suite -->
</testng-results>
